-------------------------------------------------------------------------------
Test set: pglp.commandes.CmdShowTest
-------------------------------------------------------------------------------
Tests run: 1, Failures: 1, Errors: 0, Skipped: 0, Time elapsed: 0.007 s <<< FAILURE! - in pglp.commandes.CmdShowTest
testExecute(pglp.commandes.CmdShowTest)  Time elapsed: 0.006 s  <<< FAILURE!
org.junit.ComparisonFailure: expected:<...-> Cercle(centre=(X:[12, Y:22]),rayon=6)> but was:<...-> Cercle(centre=(X:[2, Y:4]),rayon=6)>
	at pglp.commandes.CmdShowTest.testExecute(CmdShowTest.java:29)

